Please enter your phone (or bot token): Traceback (most recent call last):
  File "C:\hustmedia6\backend\golang\media\social\telegram\auto_reply.py", line 189, in <module>
    raise SystemExit(main())
  File "C:\hustmedia6\backend\golang\media\social\telegram\auto_reply.py", line 181, in main
    return asyncio.run(listen(args.username))
  File "C:\Program Files\Python310\lib\asyncio\runners.py", line 44, in run
    return loop.run_until_complete(main)
  File "C:\Program Files\Python310\lib\asyncio\base_events.py", line 649, in run_until_complete
    return future.result()
  File "C:\hustmedia6\backend\golang\media\social\telegram\auto_reply.py", line 123, in listen
    await start_client_with_retry(client)
  File "C:\hustmedia6\backend\golang\media\social\telegram\auto_reply.py", line 38, in start_client_with_retry
    await client.start()
  File "C:\Program Files\Python310\lib\site-packages\telethon\client\auth.py", line 167, in _start
    value = phone()
  File "C:\Program Files\Python310\lib\site-packages\telethon\client\auth.py", line 22, in <lambda>
    phone: typing.Union[typing.Callable[[], str], str] = lambda: input('Please enter your phone (or bot token): '),
OSError: [Errno 9] Bad file descriptor
Please enter your phone (or bot token): Login required: [Errno 9] Bad file descriptor
Please enter your phone (or bot token): Login required: [Errno 9] Bad file descriptor
Please enter your phone (or bot token): Login required: [Errno 9] Bad file descriptor
Server closed the connection: [WinError 1236] The network connection was aborted by the local system
Attempt 1 at connecting failed: OSError: [WinError 1232] The network location cannot be reached. For information about network troubleshooting, see Windows Help
Attempt 2 at connecting failed: OSError: [WinError 1231] The network location cannot be reached. For information about network troubleshooting, see Windows Help
Attempt 3 at connecting failed: OSError: [WinError 1231] The network location cannot be reached. For information about network troubleshooting, see Windows Help
Attempt 4 at connecting failed: OSError: [WinError 1231] The network location cannot be reached. For information about network troubleshooting, see Windows Help
Attempt 5 at connecting failed: OSError: [WinError 1231] The network location cannot be reached. For information about network troubleshooting, see Windows Help
Attempt 6 at connecting failed: OSError: [WinError 1231] The network location cannot be reached. For information about network troubleshooting, see Windows Help
Server closed the connection: [WinError 1236] The network connection was aborted by the local system
Attempt 1 at connecting failed: OSError: [WinError 1232] The network location cannot be reached. For information about network troubleshooting, see Windows Help
Attempt 2 at connecting failed: OSError: [WinError 1231] The network location cannot be reached. For information about network troubleshooting, see Windows Help
Attempt 3 at connecting failed: OSError: [WinError 1231] The network location cannot be reached. For information about network troubleshooting, see Windows Help
Attempt 4 at connecting failed: OSError: [WinError 1231] The network location cannot be reached. For information about network troubleshooting, see Windows Help
Attempt 5 at connecting failed: OSError: [WinError 1231] The network location cannot be reached. For information about network troubleshooting, see Windows Help
Attempt 6 at connecting failed: OSError: [WinError 1231] The network location cannot be reached. For information about network troubleshooting, see Windows Help
Server closed the connection: [WinError 1236] The network connection was aborted by the local system
Attempt 1 at connecting failed: OSError: [WinError 1232] The network location cannot be reached. For information about network troubleshooting, see Windows Help
Attempt 2 at connecting failed: OSError: [WinError 1231] The network location cannot be reached. For information about network troubleshooting, see Windows Help
Attempt 3 at connecting failed: OSError: [WinError 1231] The network location cannot be reached. For information about network troubleshooting, see Windows Help
Attempt 4 at connecting failed: OSError: [WinError 1231] The network location cannot be reached. For information about network troubleshooting, see Windows Help
Attempt 5 at connecting failed: OSError: [WinError 1231] The network location cannot be reached. For information about network troubleshooting, see Windows Help
Attempt 6 at connecting failed: OSError: [WinError 1231] The network location cannot be reached. For information about network troubleshooting, see Windows Help
Server closed the connection: [WinError 1236] The network connection was aborted by the local system
Attempt 1 at connecting failed: OSError: [WinError 1232] The network location cannot be reached. For information about network troubleshooting, see Windows Help
Attempt 2 at connecting failed: OSError: [WinError 1231] The network location cannot be reached. For information about network troubleshooting, see Windows Help
Attempt 3 at connecting failed: OSError: [WinError 1231] The network location cannot be reached. For information about network troubleshooting, see Windows Help
Attempt 4 at connecting failed: OSError: [WinError 1231] The network location cannot be reached. For information about network troubleshooting, see Windows Help
Attempt 5 at connecting failed: OSError: [WinError 1231] The network location cannot be reached. For information about network troubleshooting, see Windows Help
Attempt 6 at connecting failed: OSError: [WinError 1231] The network location cannot be reached. For information about network troubleshooting, see Windows Help
Server closed the connection: [WinError 1236] The network connection was aborted by the local system
Attempt 1 at connecting failed: OSError: [WinError 1232] The network location cannot be reached. For information about network troubleshooting, see Windows Help
Attempt 2 at connecting failed: OSError: [WinError 1232] The network location cannot be reached. For information about network troubleshooting, see Windows Help
Attempt 3 at connecting failed: OSError: [WinError 1232] The network location cannot be reached. For information about network troubleshooting, see Windows Help
Attempt 4 at connecting failed: OSError: [WinError 1232] The network location cannot be reached. For information about network troubleshooting, see Windows Help
Attempt 5 at connecting failed: OSError: [WinError 1232] The network location cannot be reached. For information about network troubleshooting, see Windows Help
Attempt 6 at connecting failed: OSError: [WinError 1232] The network location cannot be reached. For information about network troubleshooting, see Windows Help
Attempt 1 at connecting failed: OSError: [WinError 1232] The network location cannot be reached. For information about network troubleshooting, see Windows Help
Attempt 2 at connecting failed: OSError: [WinError 1232] The network location cannot be reached. For information about network troubleshooting, see Windows Help
Attempt 3 at connecting failed: OSError: [WinError 1232] The network location cannot be reached. For information about network troubleshooting, see Windows Help
Attempt 4 at connecting failed: TimeoutError: 
Attempt 5 at connecting failed: TimeoutError: 
Attempt 6 at connecting failed: TimeoutError: 
Attempt 1 at connecting failed: TimeoutError: 
Attempt 2 at connecting failed: TimeoutError: 
Attempt 3 at connecting failed: TimeoutError: 
Attempt 4 at connecting failed: TimeoutError: 
Attempt 5 at connecting failed: TimeoutError: 
Attempt 6 at connecting failed: TimeoutError: 
Attempt 1 at connecting failed: TimeoutError: 
Attempt 2 at connecting failed: TimeoutError: 
Attempt 3 at connecting failed: TimeoutError: 
Attempt 4 at connecting failed: TimeoutError: 
Attempt 5 at connecting failed: TimeoutError: 
Attempt 6 at connecting failed: OSError: [WinError 1231] The network location cannot be reached. For information about network troubleshooting, see Windows Help
Attempt 1 at connecting failed: OSError: [WinError 1231] The network location cannot be reached. For information about network troubleshooting, see Windows Help
Attempt 2 at connecting failed: OSError: [WinError 1231] The network location cannot be reached. For information about network troubleshooting, see Windows Help
Attempt 3 at connecting failed: OSError: [WinError 1231] The network location cannot be reached. For information about network troubleshooting, see Windows Help
Attempt 4 at connecting failed: OSError: [WinError 1231] The network location cannot be reached. For information about network troubleshooting, see Windows Help
Attempt 5 at connecting failed: OSError: [WinError 1231] The network location cannot be reached. For information about network troubleshooting, see Windows Help
Attempt 6 at connecting failed: OSError: [WinError 1231] The network location cannot be reached. For information about network troubleshooting, see Windows Help
Automatic reconnection failed 5 time(s)
Listening for messages from @tinnguyen_ok ...
Traceback (most recent call last):
  File "C:\hustmedia6\backend\golang\p2p\media\social\telegram\auto_reply.py", line 289, in <module>
    raise SystemExit(main())
  File "C:\hustmedia6\backend\golang\p2p\media\social\telegram\auto_reply.py", line 281, in main
    return asyncio.run(listen(args.username))
  File "C:\Program Files\Python310\lib\asyncio\runners.py", line 44, in run
    return loop.run_until_complete(main)
  File "C:\Program Files\Python310\lib\asyncio\base_events.py", line 649, in run_until_complete
    return future.result()
  File "C:\hustmedia6\backend\golang\p2p\media\social\telegram\auto_reply.py", line 195, in listen
    await client.run_until_disconnected()
  File "C:\Program Files\Python310\lib\site-packages\telethon\client\updates.py", line 36, in _run_until_disconnected
    result = await self.disconnected
ConnectionError: Connection to Telegram failed 5 time(s)
Server closed the connection: [WinError 1236] The network connection was aborted by the local system
Attempt 1 at connecting failed: OSError: [WinError 1232] The network location cannot be reached. For information about network troubleshooting, see Windows Help
Attempt 2 at connecting failed: OSError: [WinError 1231] The network location cannot be reached. For information about network troubleshooting, see Windows Help
Attempt 3 at connecting failed: OSError: [WinError 1231] The network location cannot be reached. For information about network troubleshooting, see Windows Help
Attempt 4 at connecting failed: OSError: [WinError 1231] The network location cannot be reached. For information about network troubleshooting, see Windows Help
Attempt 5 at connecting failed: OSError: [WinError 1231] The network location cannot be reached. For information about network troubleshooting, see Windows Help
Attempt 6 at connecting failed: OSError: [WinError 1231] The network location cannot be reached. For information about network troubleshooting, see Windows Help
Server closed the connection: [WinError 1236] The network connection was aborted by the local system
Attempt 1 at connecting failed: OSError: [WinError 1232] The network location cannot be reached. For information about network troubleshooting, see Windows Help
Attempt 2 at connecting failed: OSError: [WinError 1231] The network location cannot be reached. For information about network troubleshooting, see Windows Help
Attempt 3 at connecting failed: OSError: [WinError 1231] The network location cannot be reached. For information about network troubleshooting, see Windows Help
Attempt 4 at connecting failed: OSError: [WinError 1231] The network location cannot be reached. For information about network troubleshooting, see Windows Help
Attempt 5 at connecting failed: OSError: [WinError 1231] The network location cannot be reached. For information about network troubleshooting, see Windows Help
Attempt 6 at connecting failed: OSError: [WinError 1231] The network location cannot be reached. For information about network troubleshooting, see Windows Help
Server closed the connection: [WinError 1236] The network connection was aborted by the local system
Attempt 1 at connecting failed: OSError: [WinError 1232] The network location cannot be reached. For information about network troubleshooting, see Windows Help
Attempt 2 at connecting failed: OSError: [WinError 1231] The network location cannot be reached. For information about network troubleshooting, see Windows Help
Attempt 3 at connecting failed: OSError: [WinError 1231] The network location cannot be reached. For information about network troubleshooting, see Windows Help
Attempt 4 at connecting failed: OSError: [WinError 1231] The network location cannot be reached. For information about network troubleshooting, see Windows Help
Attempt 5 at connecting failed: OSError: [WinError 1231] The network location cannot be reached. For information about network troubleshooting, see Windows Help
Attempt 6 at connecting failed: OSError: [WinError 1231] The network location cannot be reached. For information about network troubleshooting, see Windows Help
Server closed the connection: [WinError 1236] The network connection was aborted by the local system
Attempt 1 at connecting failed: OSError: [WinError 1232] The network location cannot be reached. For information about network troubleshooting, see Windows Help
Attempt 2 at connecting failed: OSError: [WinError 1231] The network location cannot be reached. For information about network troubleshooting, see Windows Help
Attempt 3 at connecting failed: OSError: [WinError 1231] The network location cannot be reached. For information about network troubleshooting, see Windows Help
Attempt 4 at connecting failed: OSError: [WinError 1231] The network location cannot be reached. For information about network troubleshooting, see Windows Help
Attempt 5 at connecting failed: OSError: [WinError 1231] The network location cannot be reached. For information about network troubleshooting, see Windows Help
Attempt 6 at connecting failed: OSError: [WinError 1231] The network location cannot be reached. For information about network troubleshooting, see Windows Help
Server closed the connection: [WinError 1236] The network connection was aborted by the local system
Attempt 1 at connecting failed: OSError: [WinError 1232] The network location cannot be reached. For information about network troubleshooting, see Windows Help
Attempt 2 at connecting failed: OSError: [WinError 1231] The network location cannot be reached. For information about network troubleshooting, see Windows Help
Attempt 3 at connecting failed: OSError: [WinError 1231] The network location cannot be reached. For information about network troubleshooting, see Windows Help
Attempt 4 at connecting failed: OSError: [WinError 1231] The network location cannot be reached. For information about network troubleshooting, see Windows Help
Attempt 5 at connecting failed: OSError: [WinError 1231] The network location cannot be reached. For information about network troubleshooting, see Windows Help
Attempt 6 at connecting failed: OSError: [WinError 1231] The network location cannot be reached. For information about network troubleshooting, see Windows Help
Server closed the connection: [WinError 1236] The network connection was aborted by the local system
Attempt 1 at connecting failed: OSError: [WinError 1232] The network location cannot be reached. For information about network troubleshooting, see Windows Help
Attempt 2 at connecting failed: OSError: [WinError 1231] The network location cannot be reached. For information about network troubleshooting, see Windows Help
Attempt 3 at connecting failed: OSError: [WinError 1231] The network location cannot be reached. For information about network troubleshooting, see Windows Help
Attempt 4 at connecting failed: OSError: [WinError 1231] The network location cannot be reached. For information about network troubleshooting, see Windows Help
Attempt 5 at connecting failed: OSError: [WinError 1231] The network location cannot be reached. For information about network troubleshooting, see Windows Help
Attempt 6 at connecting failed: OSError: [WinError 1231] The network location cannot be reached. For information about network troubleshooting, see Windows Help
Server closed the connection: [WinError 1236] The network connection was aborted by the local system
Attempt 1 at connecting failed: OSError: [WinError 1232] The network location cannot be reached. For information about network troubleshooting, see Windows Help
Attempt 2 at connecting failed: OSError: [WinError 1231] The network location cannot be reached. For information about network troubleshooting, see Windows Help
Attempt 3 at connecting failed: OSError: [WinError 1231] The network location cannot be reached. For information about network troubleshooting, see Windows Help
Attempt 4 at connecting failed: OSError: [WinError 1231] The network location cannot be reached. For information about network troubleshooting, see Windows Help
Attempt 5 at connecting failed: OSError: [WinError 1231] The network location cannot be reached. For information about network troubleshooting, see Windows Help
Attempt 6 at connecting failed: OSError: [WinError 1231] The network location cannot be reached. For information about network troubleshooting, see Windows Help
Server closed the connection: [WinError 1236] The network connection was aborted by the local system
Attempt 1 at connecting failed: OSError: [WinError 1232] The network location cannot be reached. For information about network troubleshooting, see Windows Help
Attempt 2 at connecting failed: OSError: [WinError 1231] The network location cannot be reached. For information about network troubleshooting, see Windows Help
Attempt 3 at connecting failed: OSError: [WinError 1231] The network location cannot be reached. For information about network troubleshooting, see Windows Help
Attempt 4 at connecting failed: OSError: [WinError 1231] The network location cannot be reached. For information about network troubleshooting, see Windows Help
Attempt 5 at connecting failed: OSError: [WinError 1231] The network location cannot be reached. For information about network troubleshooting, see Windows Help
Attempt 6 at connecting failed: OSError: [WinError 1231] The network location cannot be reached. For information about network troubleshooting, see Windows Help
Server closed the connection: [WinError 1236] The network connection was aborted by the local system
Attempt 1 at connecting failed: OSError: [WinError 1232] The network location cannot be reached. For information about network troubleshooting, see Windows Help
Attempt 2 at connecting failed: OSError: [WinError 1231] The network location cannot be reached. For information about network troubleshooting, see Windows Help
Attempt 3 at connecting failed: OSError: [WinError 1231] The network location cannot be reached. For information about network troubleshooting, see Windows Help
Attempt 4 at connecting failed: OSError: [WinError 1231] The network location cannot be reached. For information about network troubleshooting, see Windows Help
Attempt 5 at connecting failed: OSError: [WinError 1231] The network location cannot be reached. For information about network troubleshooting, see Windows Help
Attempt 6 at connecting failed: OSError: [WinError 1231] The network location cannot be reached. For information about network troubleshooting, see Windows Help
Attempt 1 at connecting failed: TimeoutError: 
Attempt 1 at connecting failed: TimeoutError: 
Attempt 1 at connecting failed: TimeoutError: 
Attempt 1 at connecting failed: TimeoutError: 
Server closed the connection: [WinError 121] The semaphore timeout period has expired
Server closed the connection: [WinError 121] The semaphore timeout period has expired
Server closed the connection: [WinError 121] The semaphore timeout period has expired
Attempt 1 at connecting failed: TimeoutError: 
Server closed the connection: [WinError 1236] The network connection was aborted by the local system
Attempt 1 at connecting failed: OSError: [WinError 1231] The network location cannot be reached. For information about network troubleshooting, see Windows Help
Attempt 2 at connecting failed: OSError: [WinError 1231] The network location cannot be reached. For information about network troubleshooting, see Windows Help
Attempt 3 at connecting failed: OSError: [WinError 1231] The network location cannot be reached. For information about network troubleshooting, see Windows Help
Attempt 4 at connecting failed: OSError: [WinError 1231] The network location cannot be reached. For information about network troubleshooting, see Windows Help
Attempt 5 at connecting failed: OSError: [WinError 1231] The network location cannot be reached. For information about network troubleshooting, see Windows Help
Attempt 6 at connecting failed: OSError: [WinError 1231] The network location cannot be reached. For information about network troubleshooting, see Windows Help
Attempt 1 at connecting failed: TimeoutError: 
Server closed the connection: [WinError 1236] The network connection was aborted by the local system
Attempt 1 at connecting failed: OSError: [WinError 1232] The network location cannot be reached. For information about network troubleshooting, see Windows Help
Attempt 2 at connecting failed: OSError: [WinError 1231] The network location cannot be reached. For information about network troubleshooting, see Windows Help
Attempt 3 at connecting failed: OSError: [WinError 1231] The network location cannot be reached. For information about network troubleshooting, see Windows Help
Attempt 4 at connecting failed: OSError: [WinError 1231] The network location cannot be reached. For information about network troubleshooting, see Windows Help
Attempt 5 at connecting failed: OSError: [WinError 1231] The network location cannot be reached. For information about network troubleshooting, see Windows Help
Attempt 6 at connecting failed: OSError: [WinError 1231] The network location cannot be reached. For information about network troubleshooting, see Windows Help
Server closed the connection: [WinError 1236] The network connection was aborted by the local system
Attempt 1 at connecting failed: OSError: [WinError 1232] The network location cannot be reached. For information about network troubleshooting, see Windows Help
Attempt 2 at connecting failed: OSError: [WinError 1231] The network location cannot be reached. For information about network troubleshooting, see Windows Help
Attempt 3 at connecting failed: OSError: [WinError 1231] The network location cannot be reached. For information about network troubleshooting, see Windows Help
Attempt 4 at connecting failed: OSError: [WinError 1231] The network location cannot be reached. For information about network troubleshooting, see Windows Help
Attempt 5 at connecting failed: OSError: [WinError 1231] The network location cannot be reached. For information about network troubleshooting, see Windows Help
Attempt 6 at connecting failed: OSError: [WinError 1231] The network location cannot be reached. For information about network troubleshooting, see Windows Help
Server closed the connection: [WinError 1236] The network connection was aborted by the local system
Attempt 1 at connecting failed: OSError: [WinError 1232] The network location cannot be reached. For information about network troubleshooting, see Windows Help
Attempt 2 at connecting failed: OSError: [WinError 1231] The network location cannot be reached. For information about network troubleshooting, see Windows Help
Attempt 3 at connecting failed: OSError: [WinError 1231] The network location cannot be reached. For information about network troubleshooting, see Windows Help
Attempt 4 at connecting failed: OSError: [WinError 1231] The network location cannot be reached. For information about network troubleshooting, see Windows Help
Attempt 5 at connecting failed: OSError: [WinError 1231] The network location cannot be reached. For information about network troubleshooting, see Windows Help
Attempt 6 at connecting failed: OSError: [WinError 1231] The network location cannot be reached. For information about network troubleshooting, see Windows Help
Server closed the connection: [WinError 1236] The network connection was aborted by the local system
Attempt 1 at connecting failed: OSError: [WinError 1232] The network location cannot be reached. For information about network troubleshooting, see Windows Help
Attempt 2 at connecting failed: OSError: [WinError 1231] The network location cannot be reached. For information about network troubleshooting, see Windows Help
Attempt 3 at connecting failed: OSError: [WinError 1231] The network location cannot be reached. For information about network troubleshooting, see Windows Help
Attempt 4 at connecting failed: OSError: [WinError 1231] The network location cannot be reached. For information about network troubleshooting, see Windows Help
Attempt 5 at connecting failed: OSError: [WinError 1231] The network location cannot be reached. For information about network troubleshooting, see Windows Help
Attempt 6 at connecting failed: OSError: [WinError 1231] The network location cannot be reached. For information about network troubleshooting, see Windows Help
Server closed the connection: [WinError 1236] The network connection was aborted by the local system
Attempt 1 at connecting failed: OSError: [WinError 1232] The network location cannot be reached. For information about network troubleshooting, see Windows Help
Attempt 2 at connecting failed: OSError: [WinError 1231] The network location cannot be reached. For information about network troubleshooting, see Windows Help
Attempt 3 at connecting failed: OSError: [WinError 1231] The network location cannot be reached. For information about network troubleshooting, see Windows Help
Attempt 4 at connecting failed: OSError: [WinError 1231] The network location cannot be reached. For information about network troubleshooting, see Windows Help
Attempt 5 at connecting failed: OSError: [WinError 1231] The network location cannot be reached. For information about network troubleshooting, see Windows Help
Attempt 6 at connecting failed: OSError: [WinError 1231] The network location cannot be reached. For information about network troubleshooting, see Windows Help
Server closed the connection: [WinError 1236] The network connection was aborted by the local system
Attempt 1 at connecting failed: OSError: [WinError 1232] The network location cannot be reached. For information about network troubleshooting, see Windows Help
Attempt 2 at connecting failed: OSError: [WinError 1231] The network location cannot be reached. For information about network troubleshooting, see Windows Help
Attempt 3 at connecting failed: OSError: [WinError 1231] The network location cannot be reached. For information about network troubleshooting, see Windows Help
Attempt 4 at connecting failed: OSError: [WinError 1231] The network location cannot be reached. For information about network troubleshooting, see Windows Help
Attempt 5 at connecting failed: OSError: [WinError 1231] The network location cannot be reached. For information about network troubleshooting, see Windows Help
Attempt 6 at connecting failed: OSError: [WinError 1231] The network location cannot be reached. For information about network troubleshooting, see Windows Help
Attempt 1 at connecting failed: TimeoutError: 
Attempt 2 at connecting failed: TimeoutError: 
Attempt 3 at connecting failed: TimeoutError: 
Attempt 4 at connecting failed: TimeoutError: 
Attempt 5 at connecting failed: TimeoutError: 
Attempt 6 at connecting failed: TimeoutError: 
Attempt 1 at connecting failed: TimeoutError: 
Attempt 2 at connecting failed: TimeoutError: 
Attempt 3 at connecting failed: TimeoutError: 
Attempt 4 at connecting failed: TimeoutError: 
Attempt 5 at connecting failed: TimeoutError: 
Attempt 6 at connecting failed: TimeoutError: 
Attempt 1 at connecting failed: TimeoutError: 
Attempt 2 at connecting failed: TimeoutError: 
Server closed the connection: [WinError 1236] The network connection was aborted by the local system
Attempt 1 at connecting failed: OSError: [WinError 1231] The network location cannot be reached. For information about network troubleshooting, see Windows Help
Server closed the connection: [WinError 64] The specified network name is no longer available
Server closed the connection: [WinError 1236] The network connection was aborted by the local system
Attempt 1 at connecting failed: OSError: [WinError 1232] The network location cannot be reached. For information about network troubleshooting, see Windows Help
Attempt 2 at connecting failed: OSError: [WinError 1231] The network location cannot be reached. For information about network troubleshooting, see Windows Help
Attempt 3 at connecting failed: OSError: [WinError 1231] The network location cannot be reached. For information about network troubleshooting, see Windows Help
Attempt 4 at connecting failed: OSError: [WinError 1231] The network location cannot be reached. For information about network troubleshooting, see Windows Help
Attempt 5 at connecting failed: OSError: [WinError 1231] The network location cannot be reached. For information about network troubleshooting, see Windows Help
Attempt 6 at connecting failed: OSError: [WinError 1231] The network location cannot be reached. For information about network troubleshooting, see Windows Help
Attempt 1 at connecting failed: OSError: [WinError 1231] The network location cannot be reached. For information about network troubleshooting, see Windows Help
Attempt 2 at connecting failed: OSError: [WinError 1231] The network location cannot be reached. For information about network troubleshooting, see Windows Help
Attempt 3 at connecting failed: OSError: [WinError 1231] The network location cannot be reached. For information about network troubleshooting, see Windows Help
Attempt 4 at connecting failed: OSError: [WinError 1231] The network location cannot be reached. For information about network troubleshooting, see Windows Help
Attempt 5 at connecting failed: OSError: [WinError 1231] The network location cannot be reached. For information about network troubleshooting, see Windows Help
Attempt 6 at connecting failed: OSError: [WinError 1231] The network location cannot be reached. For information about network troubleshooting, see Windows Help
Server closed the connection: [WinError 1236] The network connection was aborted by the local system
Attempt 1 at connecting failed: OSError: [WinError 1232] The network location cannot be reached. For information about network troubleshooting, see Windows Help
Attempt 2 at connecting failed: OSError: [WinError 1231] The network location cannot be reached. For information about network troubleshooting, see Windows Help
Attempt 3 at connecting failed: OSError: [WinError 1231] The network location cannot be reached. For information about network troubleshooting, see Windows Help
Attempt 4 at connecting failed: OSError: [WinError 1231] The network location cannot be reached. For information about network troubleshooting, see Windows Help
Attempt 5 at connecting failed: OSError: [WinError 1231] The network location cannot be reached. For information about network troubleshooting, see Windows Help
Attempt 6 at connecting failed: OSError: [WinError 1231] The network location cannot be reached. For information about network troubleshooting, see Windows Help
Server closed the connection: [WinError 1236] The network connection was aborted by the local system
Attempt 1 at connecting failed: OSError: [WinError 1232] The network location cannot be reached. For information about network troubleshooting, see Windows Help
Attempt 2 at connecting failed: OSError: [WinError 1232] The network location cannot be reached. For information about network troubleshooting, see Windows Help
Attempt 3 at connecting failed: OSError: [WinError 1232] The network location cannot be reached. For information about network troubleshooting, see Windows Help
Attempt 4 at connecting failed: OSError: [WinError 1232] The network location cannot be reached. For information about network troubleshooting, see Windows Help
Attempt 5 at connecting failed: OSError: [WinError 1232] The network location cannot be reached. For information about network troubleshooting, see Windows Help
Attempt 6 at connecting failed: OSError: [WinError 1231] The network location cannot be reached. For information about network troubleshooting, see Windows Help
Attempt 1 at connecting failed: OSError: [WinError 1231] The network location cannot be reached. For information about network troubleshooting, see Windows Help
Attempt 2 at connecting failed: OSError: [WinError 1231] The network location cannot be reached. For information about network troubleshooting, see Windows Help
Attempt 3 at connecting failed: OSError: [WinError 1231] The network location cannot be reached. For information about network troubleshooting, see Windows Help
Attempt 4 at connecting failed: OSError: [WinError 1231] The network location cannot be reached. For information about network troubleshooting, see Windows Help
Attempt 5 at connecting failed: OSError: [WinError 1231] The network location cannot be reached. For information about network troubleshooting, see Windows Help
Attempt 6 at connecting failed: OSError: [WinError 1231] The network location cannot be reached. For information about network troubleshooting, see Windows Help
Server closed the connection: [WinError 1236] The network connection was aborted by the local system
Attempt 1 at connecting failed: OSError: [WinError 1232] The network location cannot be reached. For information about network troubleshooting, see Windows Help
Attempt 2 at connecting failed: OSError: [WinError 1231] The network location cannot be reached. For information about network troubleshooting, see Windows Help
Attempt 3 at connecting failed: OSError: [WinError 1231] The network location cannot be reached. For information about network troubleshooting, see Windows Help
Attempt 4 at connecting failed: OSError: [WinError 1231] The network location cannot be reached. For information about network troubleshooting, see Windows Help
Attempt 5 at connecting failed: OSError: [WinError 1231] The network location cannot be reached. For information about network troubleshooting, see Windows Help
Attempt 6 at connecting failed: OSError: [WinError 1231] The network location cannot be reached. For information about network troubleshooting, see Windows Help
Server closed the connection: [WinError 64] The specified network name is no longer available
Server closed the connection: [WinError 64] The specified network name is no longer available
Server closed the connection: [WinError 1236] The network connection was aborted by the local system
Attempt 1 at connecting failed: OSError: [WinError 1232] The network location cannot be reached. For information about network troubleshooting, see Windows Help
Attempt 2 at connecting failed: OSError: [WinError 1231] The network location cannot be reached. For information about network troubleshooting, see Windows Help
Attempt 3 at connecting failed: OSError: [WinError 1231] The network location cannot be reached. For information about network troubleshooting, see Windows Help
Attempt 4 at connecting failed: OSError: [WinError 1231] The network location cannot be reached. For information about network troubleshooting, see Windows Help
Attempt 5 at connecting failed: OSError: [WinError 1231] The network location cannot be reached. For information about network troubleshooting, see Windows Help
Attempt 6 at connecting failed: OSError: [WinError 1231] The network location cannot be reached. For information about network troubleshooting, see Windows Help
Server closed the connection: [WinError 1236] The network connection was aborted by the local system
Attempt 1 at connecting failed: OSError: [WinError 1232] The network location cannot be reached. For information about network troubleshooting, see Windows Help
Attempt 2 at connecting failed: OSError: [WinError 1231] The network location cannot be reached. For information about network troubleshooting, see Windows Help
Attempt 3 at connecting failed: OSError: [WinError 1231] The network location cannot be reached. For information about network troubleshooting, see Windows Help
Attempt 4 at connecting failed: OSError: [WinError 1231] The network location cannot be reached. For information about network troubleshooting, see Windows Help
Attempt 5 at connecting failed: OSError: [WinError 1231] The network location cannot be reached. For information about network troubleshooting, see Windows Help
Attempt 6 at connecting failed: OSError: [WinError 1231] The network location cannot be reached. For information about network troubleshooting, see Windows Help
Server closed the connection: [WinError 64] The specified network name is no longer available
Server closed the connection: [WinError 1236] The network connection was aborted by the local system
Attempt 1 at connecting failed: OSError: [WinError 1232] The network location cannot be reached. For information about network troubleshooting, see Windows Help
Attempt 2 at connecting failed: OSError: [WinError 1231] The network location cannot be reached. For information about network troubleshooting, see Windows Help
Attempt 3 at connecting failed: OSError: [WinError 1231] The network location cannot be reached. For information about network troubleshooting, see Windows Help
Attempt 4 at connecting failed: OSError: [WinError 1231] The network location cannot be reached. For information about network troubleshooting, see Windows Help
Attempt 5 at connecting failed: OSError: [WinError 1231] The network location cannot be reached. For information about network troubleshooting, see Windows Help
Attempt 6 at connecting failed: OSError: [WinError 1231] The network location cannot be reached. For information about network troubleshooting, see Windows Help
Server closed the connection: [WinError 1236] The network connection was aborted by the local system
Attempt 1 at connecting failed: OSError: [WinError 1232] The network location cannot be reached. For information about network troubleshooting, see Windows Help
Attempt 2 at connecting failed: OSError: [WinError 1231] The network location cannot be reached. For information about network troubleshooting, see Windows Help
Attempt 3 at connecting failed: OSError: [WinError 1231] The network location cannot be reached. For information about network troubleshooting, see Windows Help
Attempt 4 at connecting failed: OSError: [WinError 1231] The network location cannot be reached. For information about network troubleshooting, see Windows Help
Attempt 5 at connecting failed: OSError: [WinError 1231] The network location cannot be reached. For information about network troubleshooting, see Windows Help
Attempt 6 at connecting failed: OSError: [WinError 1231] The network location cannot be reached. For information about network troubleshooting, see Windows Help
Server closed the connection: [WinError 1236] The network connection was aborted by the local system
Attempt 1 at connecting failed: OSError: [WinError 1232] The network location cannot be reached. For information about network troubleshooting, see Windows Help
Attempt 2 at connecting failed: OSError: [WinError 1231] The network location cannot be reached. For information about network troubleshooting, see Windows Help
Attempt 3 at connecting failed: OSError: [WinError 1231] The network location cannot be reached. For information about network troubleshooting, see Windows Help
Attempt 4 at connecting failed: OSError: [WinError 1231] The network location cannot be reached. For information about network troubleshooting, see Windows Help
Attempt 5 at connecting failed: OSError: [WinError 1231] The network location cannot be reached. For information about network troubleshooting, see Windows Help
Attempt 6 at connecting failed: OSError: [WinError 1231] The network location cannot be reached. For information about network troubleshooting, see Windows Help
Server closed the connection: [WinError 64] The specified network name is no longer available
Server closed the connection: [WinError 64] The specified network name is no longer available
Server closed the connection: [WinError 1236] The network connection was aborted by the local system
Attempt 1 at connecting failed: OSError: [WinError 1232] The network location cannot be reached. For information about network troubleshooting, see Windows Help
Attempt 2 at connecting failed: OSError: [WinError 1231] The network location cannot be reached. For information about network troubleshooting, see Windows Help
Attempt 3 at connecting failed: OSError: [WinError 1231] The network location cannot be reached. For information about network troubleshooting, see Windows Help
Attempt 4 at connecting failed: OSError: [WinError 1231] The network location cannot be reached. For information about network troubleshooting, see Windows Help
Attempt 5 at connecting failed: OSError: [WinError 1231] The network location cannot be reached. For information about network troubleshooting, see Windows Help
Attempt 6 at connecting failed: OSError: [WinError 1231] The network location cannot be reached. For information about network troubleshooting, see Windows Help
